<?xml version="1.0" encoding="UTF-8"?>
<!-- Generated by org.testng.reporters.JUnitXMLReporter -->
<testsuite hostname="PCS-PC" ignored="0" name="Default test" tests="10" failures="0" timestamp="28 Jul 2019 06:38:44 GMT" time="0.112" errors="0">
  <testcase name="B11" time="0.014" classname="tpkg.B1"/>
  <testcase name="B2" time="0.003" classname="tpkg.B1"/>
  <testcase name="B3" time="0.003" classname="tpkg.B1"/>
  <testcase name="B4" time="0.003" classname="tpkg.B1"/>
  <testcase name="B5" time="0.003" classname="tpkg.B1"/>
  <testcase name="m1" time="0.002" classname="tpkg.A1"/>
  <testcase name="m3" time="0.002" classname="tpkg.A1"/>
  <testcase name="m4" time="0.002" classname="tpkg.A1"/>
  <testcase name="m5" time="0.002" classname="tpkg.A1"/>
  <testcase name="m2" time="0.001" classname="tpkg.A1"/>
</testsuite> <!-- Default test -->
