<?xml version="1.0" encoding="UTF-8"?>
<!-- Generated by org.testng.reporters.JUnitXMLReporter -->
<testsuite hostname="PCS-PC" ignored="4" name="Test" tests="6" failures="0" timestamp="28 Jul 2019 06:43:05 GMT" time="0.087" errors="0">
  <testcase name="m1" time="0.017" classname="tpkg.A1"/>
  <testcase name="m3" time="0.003" classname="tpkg.A1"/>
  <testcase name="B11" time="0.002" classname="tpkg.B1"/>
  <testcase name="B2" time="0.002" classname="tpkg.B1"/>
  <testcase name="B5" time="0.002" classname="tpkg.B1"/>
  <testcase name="m2" time="0.003" classname="tpkg.A1"/>
  <testcase name="B3" time="0.0" classname="tpkg.B1">
    <ignored/>
  </testcase> <!-- B3 -->
  <testcase name="m4" time="0.0" classname="tpkg.A1">
    <ignored/>
  </testcase> <!-- m4 -->
  <testcase name="m5" time="0.0" classname="tpkg.A1">
    <ignored/>
  </testcase> <!-- m5 -->
  <testcase name="B4" time="0.0" classname="tpkg.B1">
    <ignored/>
  </testcase> <!-- B4 -->
</testsuite> <!-- Test -->
