<?xml version="1.0" encoding="UTF-8"?>
<testng-results skipped="0" failed="0" ignored="4" total="10" passed="6">
  <reporter-output>
  </reporter-output>
  <suite name="Suite" duration-ms="87" started-at="2019-07-28T06:43:05Z" finished-at="2019-07-28T06:43:05Z">
    <groups>
      <group name="smoke">
        <method signature="A1.m1()[pri:0, instance:tpkg.A1@1efbd816]" name="m1" class="tpkg.A1"/>
        <method signature="A1.m3()[pri:0, instance:tpkg.A1@1efbd816]" name="m3" class="tpkg.A1"/>
        <method signature="B1.B11()[pri:0, instance:tpkg.B1@6a2bcfcb]" name="B11" class="tpkg.B1"/>
      </group> <!-- smoke -->
      <group name="sanity">
        <method signature="A1.m2()[pri:0, instance:tpkg.A1@1efbd816]" name="m2" class="tpkg.A1"/>
        <method signature="B1.B2()[pri:0, instance:tpkg.B1@6a2bcfcb]" name="B2" class="tpkg.B1"/>
        <method signature="B1.B5()[pri:0, instance:tpkg.B1@6a2bcfcb]" name="B5" class="tpkg.B1"/>
      </group> <!-- sanity -->
    </groups>
    <test name="Test" duration-ms="87" started-at="2019-07-28T06:43:05Z" finished-at="2019-07-28T06:43:05Z">
      <class name="tpkg.B1">
        <test-method status="PASS" signature="B11()[pri:0, instance:tpkg.B1@6a2bcfcb]" name="B11" duration-ms="2" started-at="2019-07-28T06:43:05Z" finished-at="2019-07-28T06:43:05Z">
          <reporter-output>
          </reporter-output>
        </test-method> <!-- B11 -->
        <test-method status="PASS" signature="B2()[pri:0, instance:tpkg.B1@6a2bcfcb]" name="B2" duration-ms="2" started-at="2019-07-28T06:43:05Z" finished-at="2019-07-28T06:43:05Z">
          <reporter-output>
          </reporter-output>
        </test-method> <!-- B2 -->
        <test-method status="PASS" signature="B5()[pri:0, instance:tpkg.B1@6a2bcfcb]" name="B5" duration-ms="2" started-at="2019-07-28T06:43:05Z" finished-at="2019-07-28T06:43:05Z">
          <reporter-output>
          </reporter-output>
        </test-method> <!-- B5 -->
      </class> <!-- tpkg.B1 -->
      <class name="tpkg.A1">
        <test-method status="PASS" signature="m1()[pri:0, instance:tpkg.A1@1efbd816]" name="m1" duration-ms="17" started-at="2019-07-28T06:43:05Z" finished-at="2019-07-28T06:43:05Z">
          <reporter-output>
          </reporter-output>
        </test-method> <!-- m1 -->
        <test-method status="PASS" signature="m3()[pri:0, instance:tpkg.A1@1efbd816]" name="m3" duration-ms="3" started-at="2019-07-28T06:43:05Z" finished-at="2019-07-28T06:43:05Z">
          <reporter-output>
          </reporter-output>
        </test-method> <!-- m3 -->
        <test-method status="PASS" signature="m2()[pri:0, instance:tpkg.A1@1efbd816]" name="m2" duration-ms="3" depends-on-groups="smoke" started-at="2019-07-28T06:43:05Z" finished-at="2019-07-28T06:43:05Z">
          <reporter-output>
          </reporter-output>
        </test-method> <!-- m2 -->
      </class> <!-- tpkg.A1 -->
    </test> <!-- Test -->
  </suite> <!-- Suite -->
</testng-results>
